current directory: /var/www/my_app/shared/bundle/ruby/2.6.0/gems/unicorn-5.4.1/ext/unicorn_http
/home/ec2-user/.rbenv/versions/2.6.3/bin/ruby -I /home/ec2-user/.rbenv/versions/2.6.3/lib/ruby/2.6.0 -r ./siteconf20210507-13774-158d9fv.rb extconf.rb
checking for SIZEOF_OFF_T in ruby.h... yes
checking for SIZEOF_SIZE_T in ruby.h... yes
checking for SIZEOF_LONG in ruby.h... yes
checking for rb_str_set_len() in ruby.h... yes
checking for rb_hash_clear() in ruby.h... yes
checking for gmtime_r() in time.h... yes
creating Makefile

current directory: /var/www/my_app/shared/bundle/ruby/2.6.0/gems/unicorn-5.4.1/ext/unicorn_http
make "DESTDIR=" clean

current directory: /var/www/my_app/shared/bundle/ruby/2.6.0/gems/unicorn-5.4.1/ext/unicorn_http
make "DESTDIR="
compiling httpdate.c
compiling unicorn_http.c
unicorn_http.c:303:18: warning: ‘http_parser_en_main’ defined but not used [-Wunused-const-variable=]
 static const int http_parser_en_main = 1;
                  ^~~~~~~~~~~~~~~~~~~
unicorn_http.c:301:18: warning: ‘http_parser_en_ChunkedBody_chunk_chunk_end’ defined but not used [-Wunused-const-variable=]
 static const int http_parser_en_ChunkedBody_chunk_chunk_end = 105;
                  ^~~~~~~~~~~~~~~~~~~~~~~~~~~~~~~~~~~~~~~~~~
cc1: warning: unrecognized command line option ‘-Wno-self-assign’
cc1: warning: unrecognized command line option ‘-Wno-parentheses-equality’
cc1: warning: unrecognized command line option ‘-Wno-constant-logical-operand’
cc1: warning: unrecognized command line option ‘-Wno-cast-function-type’
linking shared-object unicorn_http.so

current directory: /var/www/my_app/shared/bundle/ruby/2.6.0/gems/unicorn-5.4.1/ext/unicorn_http
make "DESTDIR=" install
/usr/bin/install -c -m 0755 unicorn_http.so ./.gem.20210507-13774-e2dl7r
